{
  "RSpec": {
    "coverage": {
      "/home/saasbook/Documents/saas/bdd-tdd-cycle/rottenpotatoes/app/controllers/application_controller.rb": [
        1,
        1,
        null
      ],
      "/home/saasbook/Documents/saas/bdd-tdd-cycle/rottenpotatoes/app/helpers/application_helper.rb": [
        1,
        null
      ],
      "/home/saasbook/Documents/saas/bdd-tdd-cycle/rottenpotatoes/app/helpers/movies_helper.rb": [
        1,
        null,
        1,
        0,
        null,
        null
      ],
      "/home/saasbook/Documents/saas/bdd-tdd-cycle/rottenpotatoes/app/controllers/movies_controller.rb": [
        1,
        null,
        1,
        1,
        1,
        null,
        null,
        null,
        1,
        0,
        0,
        null,
        0,
        null,
        0,
        null,
        0,
        0,
        null,
        0,
        0,
        null,
        null,
        0,
        0,
        0,
        0,
        null,
        null,
        0,
        0,
        0,
        0,
        0,
        null,
        0,
        null,
        null,
        1,
        null,
        null,
        null,
        1,
        0,
        0,
        0,
        null,
        null,
        1,
        1,
        null,
        null,
        1,
        0,
        0,
        0,
        0,
        null,
        null,
        1,
        0,
        0,
        0,
        0,
        null,
        null,
        1,
        5,
        5,
        2,
        2,
        null,
        5,
        null,
        null,
        null
      ],
      "/home/saasbook/Documents/saas/bdd-tdd-cycle/rottenpotatoes/app/models/movie.rb": [
        1,
        null,
        1,
        null,
        1,
        0,
        null,
        null,
        1,
        1,
        null,
        null,
        null
      ]
    },
    "timestamp": 1419107500
  },
  "Cucumber Features": {
    "coverage": {
      "/home/saasbook/Documents/saas/bdd-tdd-cycle/rottenpotatoes/app/controllers/application_controller.rb": [
        1,
        1,
        null
      ],
      "/home/saasbook/Documents/saas/bdd-tdd-cycle/rottenpotatoes/app/helpers/application_helper.rb": [
        1,
        null
      ],
      "/home/saasbook/Documents/saas/bdd-tdd-cycle/rottenpotatoes/app/helpers/movies_helper.rb": [
        1,
        null,
        1,
        0,
        null,
        null
      ],
      "/home/saasbook/Documents/saas/bdd-tdd-cycle/rottenpotatoes/app/controllers/movies_controller.rb": [
        1,
        null,
        1,
        3,
        3,
        null,
        null,
        null,
        1,
        15,
        15,
        null,
        3,
        null,
        3,
        null,
        15,
        15,
        null,
        15,
        42,
        null,
        null,
        15,
        2,
        2,
        2,
        null,
        null,
        13,
        3,
        3,
        3,
        3,
        null,
        10,
        null,
        null,
        1,
        null,
        null,
        null,
        1,
        1,
        1,
        1,
        null,
        null,
        1,
        1,
        null,
        null,
        1,
        1,
        1,
        1,
        1,
        null,
        null,
        1,
        0,
        0,
        0,
        0,
        null,
        null,
        1,
        2,
        2,
        1,
        1,
        null,
        2,
        null,
        null,
        null
      ],
      "/home/saasbook/Documents/saas/bdd-tdd-cycle/rottenpotatoes/app/models/movie.rb": [
        1,
        null,
        1,
        null,
        1,
        15,
        null,
        null,
        1,
        2,
        null,
        null,
        null
      ]
    },
    "timestamp": 1419107607
  }
}
